<?xml version="1.0" encoding="UTF-8"?>
<!-- Generated by org.testng.reporters.JUnitReportReporter -->
<testsuite skipped="0" hostname="RITESH-PC" name="com.inetBanking.testCases.TC003_AddCustomer" tests="1" failures="0" timestamp="2020-03-23T11:26:19 IST" time="17.038" errors="0">
  <testcase name="addNewCustomer" time="17.038" classname="com.inetBanking.testCases.TC003_AddCustomer"/>
  <system-out/>
</testsuite> <!-- com.inetBanking.testCases.TC003_AddCustomer -->
